<?xml version="1.0" encoding="UTF-8"?>
<!-- Generated by org.testng.reporters.JUnitReportReporter -->
<testsuite hostname="Lingeswar" failures="0" tests="1" name="Testcase.NewTest" time="0.032" errors="0" timestamp="2024-01-10T04:06:47 IST" skipped="0">
  <testcase classname="Testcase.NewTest" name="f" time="0.032"/>
</testsuite> <!-- Testcase.NewTest -->
