<?xml version="1.0" encoding="UTF-8"?>
<!-- Generated by org.testng.reporters.JUnitReportReporter -->
<testsuite hostname="Lingeswar" failures="0" tests="1" name="Testcase.Login" time="3.572" errors="0" timestamp="2024-01-10T18:34:57 IST" skipped="0">
  <testcase classname="Testcase.Login" name="Logincase" time="3.572"/>
</testsuite> <!-- Testcase.Login -->
